\BOOKMARK [1][-]{section.1}{\376\377\000R\000E\000S\000U\000M\000E\000N}{}% 1
\BOOKMARK [2][-]{subsection.1.1}{\376\377\000A\000l\000g\000o\000r\000i\000t\000m\000o\000\040\000B\000B\000O}{section.1}% 2
\BOOKMARK [2][-]{subsection.1.2}{\376\377\000P\000r\000o\000b\000l\000e\000m\000a\000\040\000d\000o\000n\000d\000e\000\040\000s\000e\000\040\000p\000r\000u\000e\000b\000a\000\040\000e\000l\000\040\000B\000B\000O}{section.1}% 3
\BOOKMARK [2][-]{subsection.1.3}{\376\377\000E\000x\000p\000l\000o\000r\000a\000c\000i\000\363\000n\000\040\000v\000s\000\040\000E\000x\000p\000l\000o\000t\000a\000c\000i\000o\000n}{section.1}% 4
\BOOKMARK [2][-]{subsection.1.4}{\376\377\000E\000q\000u\000i\000l\000i\000b\000r\000i\000o}{section.1}% 5
\BOOKMARK [1][-]{section.2}{\376\377\000A\000D\000A\000P\000T\000A\000C\000I\000O\000N\000\040\000D\000E\000L\000\040\000B\000B\000O\000\040\000A\000L\000\040\000P\000R\000O\000B\000L\000E\000M\000A\000\040\000D\000E\000\040\000L\000A\000\040\000M\000I\000N\000I\000M\000A\000\040\000D\000I\000S\000P\000E\000R\000S\000I\000O\000N\000\040\000D\000I\000F\000E\000R\000E\000N\000C\000I\000A\000L}{}% 6
\BOOKMARK [2][-]{subsection.2.1}{\376\377\000D\000e\000s\000c\000r\000i\000p\000c\000i\000\363\000n\000\040\000d\000e\000\040\000l\000a\000\040\000f\000u\000n\000c\000i\000\363\000n\000\040\000o\000b\000j\000e\000t\000i\000v\000o}{section.2}% 7
\BOOKMARK [2][-]{subsection.2.2}{\376\377\000D\000e\000s\000c\000r\000i\000p\000c\000i\000\363\000n\000\040\000d\000e\000\040\000l\000o\000s\000\040\000o\000p\000e\000r\000a\000d\000o\000r\000e\000s\000\040\000c\000o\000m\000u\000n\000e\000s}{section.2}% 8
\BOOKMARK [3][-]{subsubsection.2.2.1}{\376\377\000G\000e\000n\000e\000r\000a\000c\000i\000\363\000n\000\040\000d\000e\000\040\000s\000o\000l\000u\000c\000i\000o\000n\000e\000s\000\040\000a\000l\000e\000a\000t\000o\000r\000i\000a\000s}{subsection.2.2}% 9
\BOOKMARK [1][-]{section.3}{\376\377\000P\000R\000O\000P\000U\000E\000S\000T\000A\000\040\000D\000E\000\040\000M\000E\000J\000O\000R\000A\000\040\000D\000E\000\040\000L\000A\000\040\000M\000E\000T\000A\000H\000E\000U\000R\000I\000S\000T\000I\000C\000A}{}% 10
\BOOKMARK [2][-]{subsection.3.1}{\376\377\000H\000i\000b\000r\000i\000d\000a\000c\000i\000o\000n\000\040\000c\000o\000n\000\040\000E\000n\000f\000r\000i\000a\000m\000i\000e\000n\000t\000o\000\040\000S\000i\000m\000u\000l\000a\000d\000o}{section.3}% 11
\BOOKMARK [3][-]{subsubsection.3.1.1}{\376\377\000A\000l\000g\000o\000r\000i\000t\000m\000o\000\040\000d\000e\000\040\000E\000n\000f\000r\000i\000a\000m\000i\000e\000n\000t\000o\000\040\000S\000i\000m\000u\000l\000a\000d\000o}{subsection.3.1}% 12
\BOOKMARK [3][-]{subsubsection.3.1.2}{\376\377\000O\000p\000e\000r\000a\000d\000o\000r\000\040\000d\000e\000\040\000m\000u\000t\000a\000c\000i\000o\000n}{subsection.3.1}% 13
\BOOKMARK [2][-]{subsection.3.2}{\376\377\000H\000i\000b\000r\000i\000d\000a\000c\000i\000o\000n\000\040\000c\000o\000n\000\040\000\040\000B\000u\000s\000q\000u\000e\000d\000a\000\040\000L\000o\000c\000a\000l}{section.3}% 14
\BOOKMARK [3][-]{subsubsection.3.2.1}{\376\377\000B\000u\000s\000q\000u\000e\000d\000a\000\040\000L\000o\000c\000a\000l}{subsection.3.2}% 15
\BOOKMARK [1][-]{section.4}{\376\377\000E\000S\000T\000U\000D\000I\000O\000\040\000E\000X\000P\000E\000R\000I\000M\000E\000N\000T\000A\000L\000\040\000Y\000\040\000A\000N\000\301\000L\000I\000S\000I\000S\000\040\000D\000E\000\040\000R\000E\000S\000U\000L\000T\000A\000D\000O\000S}{}% 16
\BOOKMARK [2][-]{subsection.4.1}{\376\377\000T\000a\000b\000l\000a\000\040\000r\000e\000s\000u\000m\000e\000n}{section.4}% 17
\BOOKMARK [2][-]{subsection.4.2}{\376\377\000A\000n\000a\000l\000i\000s\000i\000s\000\040\000r\000e\000s\000u\000l\000t\000a\000d\000o\000s\000\040\000B\000B\000O}{section.4}% 18
\BOOKMARK [3][-]{subsubsection.4.2.1}{\376\377\000B\000B\000O\000\040\000s\000i\000n\000\040\000h\000i\000b\000r\000i\000d\000a\000c\000i\000o\000n}{subsection.4.2}% 19
\BOOKMARK [3][-]{subsubsection.4.2.2}{\376\377\000B\000B\000O\000\040\000c\000o\000n\000\040\000h\000i\000b\000r\000i\000d\000a\000c\000i\000o\000n\000\040\000B\000L}{subsection.4.2}% 20
\BOOKMARK [3][-]{subsubsection.4.2.3}{\376\377\000B\000B\000O\000\040\000c\000o\000n\000\040\000h\000i\000b\000r\000i\000d\000a\000c\000i\000o\000n\000\040\000B\000L\000+\000+}{subsection.4.2}% 21
\BOOKMARK [3][-]{subsubsection.4.2.4}{\376\377\000B\000B\000O\000\040\000c\000o\000n\000\040\000h\000i\000b\000r\000i\000d\000a\000c\000i\000o\000n\000\040\000E\000S}{subsection.4.2}% 22
